Unity Editor version:    2021.3.13f1 (9e7d58001ecf)
Branch:                  2021.3/staging
Build type:              Release
Batch mode:              YES
macOS version:           Version 11.7 (Build 20G817)
Darwin version:          20.6.0
Architecture:            x86_64
Running under Rosetta:   NO
Available memory:        16384 MB
Using pre-set license
Pro License: YES

COMMAND LINE ARGUMENTS:
/Users/game3/Desktop/2021.3.13f1/Unity.app/Contents/MacOS/Unity
-adb2
-batchMode
-noUpm
-name
AssetImportWorker2
-projectPath
/Users/game3/Desktop/Kimi
-logFile
Logs/AssetImportWorker2.log
-srvPort
58792
Successfully changed project path to: /Users/game3/Desktop/Kimi
/Users/game3/Desktop/Kimi
[UnityMemory] Configuration Parameters - Can be set up in boot.config
    "memorysetup-bucket-allocator-granularity=16"
    "memorysetup-bucket-allocator-bucket-count=8"
    "memorysetup-bucket-allocator-block-size=33554432"
    "memorysetup-bucket-allocator-block-count=8"
    "memorysetup-main-allocator-block-size=16777216"
    "memorysetup-thread-allocator-block-size=16777216"
    "memorysetup-gfx-main-allocator-block-size=16777216"
    "memorysetup-gfx-thread-allocator-block-size=16777216"
    "memorysetup-cache-allocator-block-size=4194304"
    "memorysetup-typetree-allocator-block-size=2097152"
    "memorysetup-profiler-bucket-allocator-granularity=16"
    "memorysetup-profiler-bucket-allocator-bucket-count=8"
    "memorysetup-profiler-bucket-allocator-block-size=33554432"
    "memorysetup-profiler-bucket-allocator-block-count=8"
    "memorysetup-profiler-allocator-block-size=16777216"
    "memorysetup-profiler-editor-allocator-block-size=1048576"
    "memorysetup-temp-allocator-size-main=16777216"
    "memorysetup-job-temp-allocator-block-size=2097152"
    "memorysetup-job-temp-allocator-block-size-background=1048576"
    "memorysetup-job-temp-allocator-reduction-small-platforms=262144"
    "memorysetup-temp-allocator-size-background-worker=32768"
    "memorysetup-temp-allocator-size-job-worker=262144"
    "memorysetup-temp-allocator-size-preload-manager=33554432"
    "memorysetup-temp-allocator-size-nav-mesh-worker=65536"
    "memorysetup-temp-allocator-size-audio-worker=65536"
    "memorysetup-temp-allocator-size-cloud-worker=32768"
    "memorysetup-temp-allocator-size-gi-baking-worker=262144"
    "memorysetup-temp-allocator-size-gfx=262144"
Refreshing native plugins compatible for Editor in 67.41 ms, found 2 plugins.
Preloading 0 native plugins for Editor in 0.00 ms.
Initialize engine version: 2021.3.13f1 (9e7d58001ecf)
[Subsystems] Discovering subsystems at path /Users/game3/Desktop/2021.3.13f1/Unity.app/Contents/Resources/UnitySubsystems
[Subsystems] Discovering subsystems at path /Users/game3/Desktop/Kimi/Assets
GfxDevice: creating device client; threaded=0; jobified=0
iMac preferred device: AMD Radeon Pro 5500 XT (high power)
Metal devices available: 1
0: AMD Radeon Pro 5500 XT (high power)
Using device AMD Radeon Pro 5500 XT (high power)
Initializing Metal device caps: AMD Radeon Pro 5500 XT
Initialize mono
Mono path[0] = '/Users/game3/Desktop/2021.3.13f1/Unity.app/Contents/Managed'
Mono path[1] = '/Users/game3/Desktop/2021.3.13f1/Unity.app/Contents/MonoBleedingEdge/lib/mono/unityjit-macos'
Mono config path = '/Users/game3/Desktop/2021.3.13f1/Unity.app/Contents/MonoBleedingEdge/etc'
Using monoOptions --debugger-agent=transport=dt_socket,embedding=1,server=y,suspend=n,address=127.0.0.1:56253
Begin MonoManager ReloadAssembly
Registering precompiled unity dll's ...
Register platform support module: /Users/game3/Desktop/2021.3.13f1/Unity.app/Contents/PlaybackEngines/MacStandaloneSupport/UnityEditor.OSXStandalone.Extensions.dll
Registered in 0.001104 seconds.
Native extension for OSXStandalone target not found
Refreshing native plugins compatible for Editor in 64.13 ms, found 2 plugins.
Preloading 0 native plugins for Editor in 0.00 ms.
Mono: successfully reloaded assembly
- Completed reload, in  0.608 seconds
Domain Reload Profiling:
	ReloadAssembly (609ms)
		BeginReloadAssembly (56ms)
			ExecutionOrderSort (0ms)
			DisableScriptedObjects (0ms)
			BackupInstance (0ms)
			ReleaseScriptingObjects (0ms)
			CreateAndSetChildDomain (1ms)
		EndReloadAssembly (440ms)
			LoadAssemblies (56ms)
			RebuildTransferFunctionScriptingTraits (0ms)
			SetupTypeCache (117ms)
			ReleaseScriptCaches (0ms)
			RebuildScriptCaches (29ms)
			SetupLoadedEditorAssemblies (249ms)
				LogAssemblyErrors (0ms)
				InitializePlatformSupportModulesInManaged (6ms)
				SetLoadedEditorAssemblies (0ms)
				RefreshPlugins (64ms)
				BeforeProcessingInitializeOnLoad (1ms)
				ProcessInitializeOnLoadAttributes (136ms)
				ProcessInitializeOnLoadMethodAttributes (41ms)
				AfterProcessingInitializeOnLoad (0ms)
				EditorAssembliesLoaded (0ms)
			ExecutionOrderSort2 (0ms)
			AwakeInstancesAfterBackupRestoration (0ms)
Platform modules already initialized, skipping
Registering precompiled user dll's ...
Registered in 0.002528 seconds.
Begin MonoManager ReloadAssembly
Symbol file LoadedFromMemory doesn't match image /Users/game3/Desktop/Kimi/Library/PackageCache/com.unity.visualscripting@1.7.8/Editor/VisualScripting.Core/Dependencies/YamlDotNet/Unity.VisualScripting.YamlDotNet.dll
Symbol file LoadedFromMemory doesn't match image /Users/game3/Desktop/Kimi/Library/PackageCache/com.unity.visualscripting@1.7.8/Editor/VisualScripting.Core/Dependencies/DotNetZip/Unity.VisualScripting.IonicZip.dll
Native extension for OSXStandalone target not found
Refreshing native plugins compatible for Editor in 0.49 ms, found 2 plugins.
Preloading 0 native plugins for Editor in 0.00 ms.
Mono: successfully reloaded assembly
- Completed reload, in  0.997 seconds
Domain Reload Profiling:
	ReloadAssembly (998ms)
		BeginReloadAssembly (99ms)
			ExecutionOrderSort (0ms)
			DisableScriptedObjects (6ms)
			BackupInstance (0ms)
			ReleaseScriptingObjects (0ms)
			CreateAndSetChildDomain (26ms)
		EndReloadAssembly (780ms)
			LoadAssemblies (63ms)
			RebuildTransferFunctionScriptingTraits (0ms)
			SetupTypeCache (288ms)
			ReleaseScriptCaches (1ms)
			RebuildScriptCaches (50ms)
			SetupLoadedEditorAssemblies (337ms)
				LogAssemblyErrors (0ms)
				InitializePlatformSupportModulesInManaged (4ms)
				SetLoadedEditorAssemblies (0ms)
				RefreshPlugins (1ms)
				BeforeProcessingInitializeOnLoad (69ms)
				ProcessInitializeOnLoadAttributes (233ms)
				ProcessInitializeOnLoadMethodAttributes (29ms)
				AfterProcessingInitializeOnLoad (2ms)
				EditorAssembliesLoaded (0ms)
			ExecutionOrderSort2 (0ms)
			AwakeInstancesAfterBackupRestoration (4ms)
Platform modules already initialized, skipping
========================================================================
Worker process is ready to serve import requests
Launching external process: /Users/game3/Desktop/2021.3.13f1/Unity.app/Contents/Tools/UnityShaderCompiler
Launched and connected shader compiler UnityShaderCompiler after 0.01 seconds
Refreshing native plugins compatible for Editor in 0.46 ms, found 2 plugins.
Preloading 0 native plugins for Editor in 0.00 ms.
Unloading 3351 Unused Serialized files (Serialized files now loaded: 0)
Unloading 27 unused Assets / (97.2 KB). Loaded Objects now: 3808.
Memory consumption went from 228.9 MB to 228.8 MB.
Total: 2.854393 ms (FindLiveObjects: 0.222815 ms CreateObjectMapping: 0.203163 ms MarkObjects: 2.337814 ms  DeleteObjects: 0.090070 ms)

AssetImportParameters requested are different than current active one (requested -> active):
  custom:video-decoder-ogg-theora: a1e56fd34408186e4bbccfd4996cb3dc -> 
  custom:container-muxer-webm: aa71ff27fc2769a1b78a27578f13a17b -> 
  custom:container-demuxer-webm: 4f35f7cbe854078d1ac9338744f61a02 -> 
  custom:video-encoder-webm-vp8: eb34c28f22e8b96e1ab97ce403110664 -> 
  custom:framework-osx-AVFoundation: e770b220cccbd017edd2c1fefb359320 -> 
  custom:audio-encoder-webm-vorbis: bf7c407c2cedff20999df2af8eb42d56 -> 
  custom:container-demuxer-ogg: 62fdf1f143b41e24485cea50d1cbac27 -> 
  custom:video-decoder-webm-vp8: 9c59270c3fd7afecdb556c50c9e8de78 -> 
  custom:audio-decoder-ogg-vorbis: bf7c407c2cedff20999df2af8eb42d56 -> 
========================================================================
Received Import Request.
  Time since last request: 83438.890629 seconds.
  path: Assets/Course Library/Prifib
  artifactKey: Guid(0c103b314f11a4c9298b6e39e154752c) Importer(815301076,1909f56bfc062723c751e8b465ee728b)
Start importing Assets/Course Library/Prifib using Guid(0c103b314f11a4c9298b6e39e154752c) Importer(815301076,1909f56bfc062723c751e8b465ee728b)  -> (artifact id: 'ee7a765c05fe8b140f730208d7ea0d7c') in 0.006284 seconds 
========================================================================
Received Import Request.
  Time since last request: 7.365648 seconds.
  path: Assets/Course Library/Prifib/Bad 1.prefab
  artifactKey: Guid(b447f85d906df48a98a2a8563fee13dc) Importer(815301076,1909f56bfc062723c751e8b465ee728b)
Start importing Assets/Course Library/Prifib/Bad 1.prefab using Guid(b447f85d906df48a98a2a8563fee13dc) Importer(815301076,1909f56bfc062723c751e8b465ee728b)  -> (artifact id: 'eacac5725d86683a06e9282fc9e454bd') in 0.617795 seconds 
========================================================================
Received Import Request.
  Time since last request: 2.657834 seconds.
  path: Assets/Course Library/Prifib/Bad 2.prefab
  artifactKey: Guid(c9f58834069a2416e936b47011c2b2b8) Importer(815301076,1909f56bfc062723c751e8b465ee728b)
Start importing Assets/Course Library/Prifib/Bad 2.prefab using Guid(c9f58834069a2416e936b47011c2b2b8) Importer(815301076,1909f56bfc062723c751e8b465ee728b)  -> (artifact id: 'b9bbbb4b6116eaa4f78cd2ec16ec056a') in 0.101880 seconds 
========================================================================
Received Import Request.
  Time since last request: 3.400221 seconds.
  path: Assets/Course Library/Prifib/Good 1.prefab
  artifactKey: Guid(7ca4a24e94682488ebef7fba0fd41e09) Importer(815301076,1909f56bfc062723c751e8b465ee728b)
Start importing Assets/Course Library/Prifib/Good 1.prefab using Guid(7ca4a24e94682488ebef7fba0fd41e09) Importer(815301076,1909f56bfc062723c751e8b465ee728b)  -> (artifact id: 'b24452ff47be8f5187ee7644a23489e1') in 0.006710 seconds 
========================================================================
Received Import Request.
  Time since last request: 15.305825 seconds.
  path: Assets/Course Library/Prifib/Good 3.prefab
  artifactKey: Guid(fb9df461818f342e88bd5d72000d9d42) Importer(815301076,1909f56bfc062723c751e8b465ee728b)
Start importing Assets/Course Library/Prifib/Good 3.prefab using Guid(fb9df461818f342e88bd5d72000d9d42) Importer(815301076,1909f56bfc062723c751e8b465ee728b)  -> (artifact id: '77d02fec69f429f15b0e61b25e1fe0d1') in 0.006143 seconds 
========================================================================
Received Import Request.
  Time since last request: 3.059869 seconds.
  path: Assets/Course Library/Prifib/Good 2.prefab
  artifactKey: Guid(fb69dc1b8dc1e45da9e4c1abe049c864) Importer(815301076,1909f56bfc062723c751e8b465ee728b)
Start importing Assets/Course Library/Prifib/Good 2.prefab using Guid(fb69dc1b8dc1e45da9e4c1abe049c864) Importer(815301076,1909f56bfc062723c751e8b465ee728b)  -> (artifact id: '3c7b585134e0d333d3f08957bbca2e0c') in 0.006320 seconds 
========================================================================
Received Import Request.
  Time since last request: 9.324323 seconds.
  path: Assets/Course Library/Prifib/Bad 1.prefab
  artifactKey: Guid(b447f85d906df48a98a2a8563fee13dc) Importer(815301076,1909f56bfc062723c751e8b465ee728b)
Start importing Assets/Course Library/Prifib/Bad 1.prefab using Guid(b447f85d906df48a98a2a8563fee13dc) Importer(815301076,1909f56bfc062723c751e8b465ee728b)  -> (artifact id: 'dca8d32ed3fd38e389d199890a26f97c') in 0.009788 seconds 
========================================================================
Received Import Request.
  Time since last request: 1069.521138 seconds.
  path: Assets/Course Library/Prifib/Bad 2.prefab
  artifactKey: Guid(c9f58834069a2416e936b47011c2b2b8) Importer(815301076,1909f56bfc062723c751e8b465ee728b)
Start importing Assets/Course Library/Prifib/Bad 2.prefab using Guid(c9f58834069a2416e936b47011c2b2b8) Importer(815301076,1909f56bfc062723c751e8b465ee728b)  -> (artifact id: '50d4d13ba11b474bea0b3c44df361c16') in 0.006607 seconds 
========================================================================
Received Import Request.
  Time since last request: 2.674502 seconds.
  path: Assets/Course Library/Prifib/Good 1.prefab
  artifactKey: Guid(7ca4a24e94682488ebef7fba0fd41e09) Importer(815301076,1909f56bfc062723c751e8b465ee728b)
Start importing Assets/Course Library/Prifib/Good 1.prefab using Guid(7ca4a24e94682488ebef7fba0fd41e09) Importer(815301076,1909f56bfc062723c751e8b465ee728b)  -> (artifact id: 'ee7d11c0b30014d2f697df1b7b1cfcc9') in 0.006198 seconds 
========================================================================
Received Import Request.
  Time since last request: 3.029427 seconds.
  path: Assets/Course Library/Prifib/Good 2.prefab
  artifactKey: Guid(fb69dc1b8dc1e45da9e4c1abe049c864) Importer(815301076,1909f56bfc062723c751e8b465ee728b)
Start importing Assets/Course Library/Prifib/Good 2.prefab using Guid(fb69dc1b8dc1e45da9e4c1abe049c864) Importer(815301076,1909f56bfc062723c751e8b465ee728b)  -> (artifact id: '5be14afb1d5843c9b5358d4724dd4c34') in 0.007957 seconds 
========================================================================
Received Import Request.
  Time since last request: 2.319129 seconds.
  path: Assets/Course Library/Prifib/Good 3.prefab
  artifactKey: Guid(fb9df461818f342e88bd5d72000d9d42) Importer(815301076,1909f56bfc062723c751e8b465ee728b)
Start importing Assets/Course Library/Prifib/Good 3.prefab using Guid(fb9df461818f342e88bd5d72000d9d42) Importer(815301076,1909f56bfc062723c751e8b465ee728b)  -> (artifact id: '87f75fbb43ffa62e96fb9e0e09d0fab1') in 0.006337 seconds 
========================================================================
Received Import Request.
  Time since last request: 6.018320 seconds.
  path: Assets/Course Library/Prifib/Bad 1.prefab
  artifactKey: Guid(b447f85d906df48a98a2a8563fee13dc) Importer(815301076,1909f56bfc062723c751e8b465ee728b)
Start importing Assets/Course Library/Prifib/Bad 1.prefab using Guid(b447f85d906df48a98a2a8563fee13dc) Importer(815301076,1909f56bfc062723c751e8b465ee728b)  -> (artifact id: '1bd218e73577f2b343510dfada5b4694') in 0.008817 seconds 
========================================================================
Received Import Request.
  Time since last request: 14.600934 seconds.
  path: Assets/Course Library/Prifib/Bad 1.prefab
  artifactKey: Guid(b447f85d906df48a98a2a8563fee13dc) Importer(815301076,1909f56bfc062723c751e8b465ee728b)
Start importing Assets/Course Library/Prifib/Bad 1.prefab using Guid(b447f85d906df48a98a2a8563fee13dc) Importer(815301076,1909f56bfc062723c751e8b465ee728b)  -> (artifact id: '32e92c0d58839eda5a7c10508961daf4') in 0.008673 seconds 
========================================================================
Received Import Request.
  Time since last request: 5.029665 seconds.
  path: Assets/Course Library/Prifib/Bad 1.prefab
  artifactKey: Guid(b447f85d906df48a98a2a8563fee13dc) Importer(815301076,1909f56bfc062723c751e8b465ee728b)
Start importing Assets/Course Library/Prifib/Bad 1.prefab using Guid(b447f85d906df48a98a2a8563fee13dc) Importer(815301076,1909f56bfc062723c751e8b465ee728b)  -> (artifact id: 'dcf4b03a8edde7547a4b0fc647192c33') in 0.008937 seconds 
========================================================================
Received Import Request.
  Time since last request: 5.645199 seconds.
  path: Assets/Course Library/Prifib/Bad 1.prefab
  artifactKey: Guid(b447f85d906df48a98a2a8563fee13dc) Importer(815301076,1909f56bfc062723c751e8b465ee728b)
Start importing Assets/Course Library/Prifib/Bad 1.prefab using Guid(b447f85d906df48a98a2a8563fee13dc) Importer(815301076,1909f56bfc062723c751e8b465ee728b)  -> (artifact id: '19952ae8d73546c2c014551a56251dbb') in 0.009076 seconds 
========================================================================
Received Import Request.
  Time since last request: 4.462295 seconds.
  path: Assets/Course Library/Prifib/Bad 2.prefab
  artifactKey: Guid(c9f58834069a2416e936b47011c2b2b8) Importer(815301076,1909f56bfc062723c751e8b465ee728b)
Start importing Assets/Course Library/Prifib/Bad 2.prefab using Guid(c9f58834069a2416e936b47011c2b2b8) Importer(815301076,1909f56bfc062723c751e8b465ee728b)  -> (artifact id: 'c18ae91d474ecd2a9a4a9a78118c6e52') in 0.007356 seconds 
========================================================================
Received Import Request.
  Time since last request: 35.637829 seconds.
  path: Assets/Course Library/Prifib/Bad 2.prefab
  artifactKey: Guid(c9f58834069a2416e936b47011c2b2b8) Importer(815301076,1909f56bfc062723c751e8b465ee728b)
Start importing Assets/Course Library/Prifib/Bad 2.prefab using Guid(c9f58834069a2416e936b47011c2b2b8) Importer(815301076,1909f56bfc062723c751e8b465ee728b)  -> (artifact id: '1b3e7a0d7b4aeb520791e3d85aed1f26') in 0.007570 seconds 
========================================================================
Received Import Request.
  Time since last request: 24.367861 seconds.
  path: Assets/Course Library/Prifib/Bad 2.prefab
  artifactKey: Guid(c9f58834069a2416e936b47011c2b2b8) Importer(815301076,1909f56bfc062723c751e8b465ee728b)
Start importing Assets/Course Library/Prifib/Bad 2.prefab using Guid(c9f58834069a2416e936b47011c2b2b8) Importer(815301076,1909f56bfc062723c751e8b465ee728b)  -> (artifact id: '11be54cfea0a64f0358987357b6e1ea7') in 0.007964 seconds 
========================================================================
Received Import Request.
  Time since last request: 7.236082 seconds.
  path: Assets/Course Library/Prifib/Bad 2.prefab
  artifactKey: Guid(c9f58834069a2416e936b47011c2b2b8) Importer(815301076,1909f56bfc062723c751e8b465ee728b)
Start importing Assets/Course Library/Prifib/Bad 2.prefab using Guid(c9f58834069a2416e936b47011c2b2b8) Importer(815301076,1909f56bfc062723c751e8b465ee728b)  -> (artifact id: 'eca171804383450df5ffebc72f877584') in 0.006207 seconds 
========================================================================
Received Import Request.
  Time since last request: 4.637304 seconds.
  path: Assets/Course Library/Prifib/Bad 2.prefab
  artifactKey: Guid(c9f58834069a2416e936b47011c2b2b8) Importer(815301076,1909f56bfc062723c751e8b465ee728b)
Start importing Assets/Course Library/Prifib/Bad 2.prefab using Guid(c9f58834069a2416e936b47011c2b2b8) Importer(815301076,1909f56bfc062723c751e8b465ee728b)  -> (artifact id: '8f9994f513a02d02285470823b2a3f58') in 0.007259 seconds 
========================================================================
Received Import Request.
  Time since last request: 27.049145 seconds.
  path: Assets/Course Library/Prifib/Good 3.prefab
  artifactKey: Guid(fb9df461818f342e88bd5d72000d9d42) Importer(815301076,1909f56bfc062723c751e8b465ee728b)
Start importing Assets/Course Library/Prifib/Good 3.prefab using Guid(fb9df461818f342e88bd5d72000d9d42) Importer(815301076,1909f56bfc062723c751e8b465ee728b)  -> (artifact id: 'b20a55ab73ddccd87c93d8dff3320699') in 0.006419 seconds 
========================================================================
Received Import Request.
  Time since last request: 8.762486 seconds.
  path: Assets/Course Library/Prifib/Good 3.prefab
  artifactKey: Guid(fb9df461818f342e88bd5d72000d9d42) Importer(815301076,1909f56bfc062723c751e8b465ee728b)
Start importing Assets/Course Library/Prifib/Good 3.prefab using Guid(fb9df461818f342e88bd5d72000d9d42) Importer(815301076,1909f56bfc062723c751e8b465ee728b)  -> (artifact id: 'de69a0c12830ed8349705835639bda51') in 0.006203 seconds 
========================================================================
Received Import Request.
  Time since last request: 3.023765 seconds.
  path: Assets/Course Library/Prifib/Good 3.prefab
  artifactKey: Guid(fb9df461818f342e88bd5d72000d9d42) Importer(815301076,1909f56bfc062723c751e8b465ee728b)
Start importing Assets/Course Library/Prifib/Good 3.prefab using Guid(fb9df461818f342e88bd5d72000d9d42) Importer(815301076,1909f56bfc062723c751e8b465ee728b)  -> (artifact id: 'a40dd044db2cd9eb4eb4da16b7a6a673') in 0.006163 seconds 
========================================================================
Received Import Request.
  Time since last request: 3.623730 seconds.
  path: Assets/Course Library/Prifib/Good 3.prefab
  artifactKey: Guid(fb9df461818f342e88bd5d72000d9d42) Importer(815301076,1909f56bfc062723c751e8b465ee728b)
Start importing Assets/Course Library/Prifib/Good 3.prefab using Guid(fb9df461818f342e88bd5d72000d9d42) Importer(815301076,1909f56bfc062723c751e8b465ee728b)  -> (artifact id: '4987b46bc1842d1a715fbd2db9250ca4') in 0.006233 seconds 
========================================================================
Received Import Request.
  Time since last request: 2.405234 seconds.
  path: Assets/Course Library/Prifib/Good 3.prefab
  artifactKey: Guid(fb9df461818f342e88bd5d72000d9d42) Importer(815301076,1909f56bfc062723c751e8b465ee728b)
Start importing Assets/Course Library/Prifib/Good 3.prefab using Guid(fb9df461818f342e88bd5d72000d9d42) Importer(815301076,1909f56bfc062723c751e8b465ee728b)  -> (artifact id: 'f3df1035f44ea7d3e054dd04e01eb363') in 0.006497 seconds 
========================================================================
Received Import Request.
  Time since last request: 59.943768 seconds.
  path: Assets/Course Library/Prifib/Good 3.prefab
  artifactKey: Guid(fb9df461818f342e88bd5d72000d9d42) Importer(815301076,1909f56bfc062723c751e8b465ee728b)
Start importing Assets/Course Library/Prifib/Good 3.prefab using Guid(fb9df461818f342e88bd5d72000d9d42) Importer(815301076,1909f56bfc062723c751e8b465ee728b)  -> (artifact id: '01c95dd85522fc7d74c8298c5245ee5b') in 0.006412 seconds 
========================================================================
Received Import Request.
  Time since last request: 63.655305 seconds.
  path: Assets/Course Library/Prifib/Good 2.prefab
  artifactKey: Guid(fb69dc1b8dc1e45da9e4c1abe049c864) Importer(815301076,1909f56bfc062723c751e8b465ee728b)
Start importing Assets/Course Library/Prifib/Good 2.prefab using Guid(fb69dc1b8dc1e45da9e4c1abe049c864) Importer(815301076,1909f56bfc062723c751e8b465ee728b)  -> (artifact id: '2e497db19eb6b3d16fd08d71072534a3') in 0.006468 seconds 
========================================================================
Received Import Request.
  Time since last request: 10.580102 seconds.
  path: Assets/Course Library/Prifib/Good 2.prefab
  artifactKey: Guid(fb69dc1b8dc1e45da9e4c1abe049c864) Importer(815301076,1909f56bfc062723c751e8b465ee728b)
Start importing Assets/Course Library/Prifib/Good 2.prefab using Guid(fb69dc1b8dc1e45da9e4c1abe049c864) Importer(815301076,1909f56bfc062723c751e8b465ee728b)  -> (artifact id: '09dffbb772ca8ab899c1e96044133b8d') in 0.006193 seconds 
========================================================================
Received Import Request.
  Time since last request: 6.857580 seconds.
  path: Assets/Course Library/Prifib/Good 2.prefab
  artifactKey: Guid(fb69dc1b8dc1e45da9e4c1abe049c864) Importer(815301076,1909f56bfc062723c751e8b465ee728b)
Start importing Assets/Course Library/Prifib/Good 2.prefab using Guid(fb69dc1b8dc1e45da9e4c1abe049c864) Importer(815301076,1909f56bfc062723c751e8b465ee728b)  -> (artifact id: 'b398cf53e1ce7cfb95f939e8b46f537e') in 0.006182 seconds 
========================================================================
Received Import Request.
  Time since last request: 35.054911 seconds.
  path: Assets/Course Library/Scipts
  artifactKey: Guid(476db6ad2bb814369b341909c2dfcec7) Importer(815301076,1909f56bfc062723c751e8b465ee728b)
Start importing Assets/Course Library/Scipts using Guid(476db6ad2bb814369b341909c2dfcec7) Importer(815301076,1909f56bfc062723c751e8b465ee728b)  -> (artifact id: '5ed28f98f2ebbf34f93bf57fe03b8d32') in 0.000935 seconds 
========================================================================
Received Import Request.
  Time since last request: 31.341049 seconds.
  path: Assets/Course Library/Textures/New Physic Material.physicMaterial
  artifactKey: Guid(e9ac7ed4957f14d80acae8afc54451ac) Importer(815301076,1909f56bfc062723c751e8b465ee728b)
Start importing Assets/Course Library/Textures/New Physic Material.physicMaterial using Guid(e9ac7ed4957f14d80acae8afc54451ac) Importer(815301076,1909f56bfc062723c751e8b465ee728b)  -> (artifact id: '5fa6d38f073c9459460462aca8519d8d') in 0.229119 seconds 
========================================================================
Received Import Request.
  Time since last request: 13.915899 seconds.
  path: Assets/Course Library/Scipts/Target.cs
  artifactKey: Guid(cb57bc6f5f52e4bb4902c1b502b7852a) Importer(815301076,1909f56bfc062723c751e8b465ee728b)
Start importing Assets/Course Library/Scipts/Target.cs using Guid(cb57bc6f5f52e4bb4902c1b502b7852a) Importer(815301076,1909f56bfc062723c751e8b465ee728b)  -> (artifact id: '07517be62d4a3f813d5158f9e5f8955a') in 0.249609 seconds 
========================================================================
Received Prepare
Registering precompiled user dll's ...
Registered in 0.002433 seconds.
Begin MonoManager ReloadAssembly
Symbol file LoadedFromMemory doesn't match image /Users/game3/Desktop/Kimi/Library/PackageCache/com.unity.visualscripting@1.7.8/Editor/VisualScripting.Core/Dependencies/YamlDotNet/Unity.VisualScripting.YamlDotNet.dll
Symbol file LoadedFromMemory doesn't match image /Users/game3/Desktop/Kimi/Library/PackageCache/com.unity.visualscripting@1.7.8/Editor/VisualScripting.Core/Dependencies/DotNetZip/Unity.VisualScripting.IonicZip.dll
Native extension for OSXStandalone target not found
Refreshing native plugins compatible for Editor in 0.48 ms, found 2 plugins.
Preloading 0 native plugins for Editor in 0.00 ms.
Mono: successfully reloaded assembly
- Completed reload, in  0.940 seconds
Domain Reload Profiling:
	ReloadAssembly (940ms)
		BeginReloadAssembly (130ms)
			ExecutionOrderSort (0ms)
			DisableScriptedObjects (5ms)
			BackupInstance (0ms)
			ReleaseScriptingObjects (0ms)
			CreateAndSetChildDomain (55ms)
		EndReloadAssembly (716ms)
			LoadAssemblies (61ms)
			RebuildTransferFunctionScriptingTraits (0ms)
			SetupTypeCache (282ms)
			ReleaseScriptCaches (1ms)
			RebuildScriptCaches (41ms)
			SetupLoadedEditorAssemblies (288ms)
				LogAssemblyErrors (0ms)
				InitializePlatformSupportModulesInManaged (8ms)
				SetLoadedEditorAssemblies (0ms)
				RefreshPlugins (1ms)
				BeforeProcessingInitializeOnLoad (48ms)
				ProcessInitializeOnLoadAttributes (199ms)
				ProcessInitializeOnLoadMethodAttributes (30ms)
				AfterProcessingInitializeOnLoad (2ms)
				EditorAssembliesLoaded (0ms)
			ExecutionOrderSort2 (0ms)
			AwakeInstancesAfterBackupRestoration (4ms)
Platform modules already initialized, skipping
Refreshing native plugins compatible for Editor in 1.08 ms, found 2 plugins.
Preloading 0 native plugins for Editor in 0.00 ms.
Unloading 3346 Unused Serialized files (Serialized files now loaded: 0)
Unloading 20 unused Assets / (72.9 KB). Loaded Objects now: 3820.
Memory consumption went from 251.8 MB to 251.7 MB.
Total: 2.512508 ms (FindLiveObjects: 0.230142 ms CreateObjectMapping: 0.159816 ms MarkObjects: 2.059683 ms  DeleteObjects: 0.062347 ms)

AssetImportParameters requested are different than current active one (requested -> active):
  custom:video-decoder-ogg-theora: a1e56fd34408186e4bbccfd4996cb3dc -> 
  custom:container-muxer-webm: aa71ff27fc2769a1b78a27578f13a17b -> 
  custom:container-demuxer-webm: 4f35f7cbe854078d1ac9338744f61a02 -> 
  custom:video-encoder-webm-vp8: eb34c28f22e8b96e1ab97ce403110664 -> 
  custom:framework-osx-AVFoundation: e770b220cccbd017edd2c1fefb359320 -> 
  custom:audio-encoder-webm-vorbis: bf7c407c2cedff20999df2af8eb42d56 -> 
  custom:container-demuxer-ogg: 62fdf1f143b41e24485cea50d1cbac27 -> 
  custom:video-decoder-webm-vp8: 9c59270c3fd7afecdb556c50c9e8de78 -> 
  custom:audio-decoder-ogg-vorbis: bf7c407c2cedff20999df2af8eb42d56 -> 
========================================================================
Received Prepare
Registering precompiled user dll's ...
Registered in 0.002366 seconds.
Begin MonoManager ReloadAssembly
Symbol file LoadedFromMemory doesn't match image /Users/game3/Desktop/Kimi/Library/PackageCache/com.unity.visualscripting@1.7.8/Editor/VisualScripting.Core/Dependencies/YamlDotNet/Unity.VisualScripting.YamlDotNet.dll
Symbol file LoadedFromMemory doesn't match image /Users/game3/Desktop/Kimi/Library/PackageCache/com.unity.visualscripting@1.7.8/Editor/VisualScripting.Core/Dependencies/DotNetZip/Unity.VisualScripting.IonicZip.dll
Native extension for OSXStandalone target not found
Refreshing native plugins compatible for Editor in 0.46 ms, found 2 plugins.
Preloading 0 native plugins for Editor in 0.00 ms.
Mono: successfully reloaded assembly
- Completed reload, in  0.930 seconds
Domain Reload Profiling:
	ReloadAssembly (931ms)
		BeginReloadAssembly (126ms)
			ExecutionOrderSort (0ms)
			DisableScriptedObjects (5ms)
			BackupInstance (0ms)
			ReleaseScriptingObjects (0ms)
			CreateAndSetChildDomain (51ms)
		EndReloadAssembly (709ms)
			LoadAssemblies (59ms)
			RebuildTransferFunctionScriptingTraits (0ms)
			SetupTypeCache (282ms)
			ReleaseScriptCaches (1ms)
			RebuildScriptCaches (39ms)
			SetupLoadedEditorAssemblies (283ms)
				LogAssemblyErrors (0ms)
				InitializePlatformSupportModulesInManaged (8ms)
				SetLoadedEditorAssemblies (0ms)
				RefreshPlugins (0ms)
				BeforeProcessingInitializeOnLoad (48ms)
				ProcessInitializeOnLoadAttributes (196ms)
				ProcessInitializeOnLoadMethodAttributes (29ms)
				AfterProcessingInitializeOnLoad (1ms)
				EditorAssembliesLoaded (0ms)
			ExecutionOrderSort2 (0ms)
			AwakeInstancesAfterBackupRestoration (4ms)
Platform modules already initialized, skipping
Refreshing native plugins compatible for Editor in 1.10 ms, found 2 plugins.
Preloading 0 native plugins for Editor in 0.00 ms.
Unloading 3346 Unused Serialized files (Serialized files now loaded: 0)
Unloading 20 unused Assets / (73.0 KB). Loaded Objects now: 3823.
Memory consumption went from 250.8 MB to 250.8 MB.
Total: 2.888377 ms (FindLiveObjects: 0.241321 ms CreateObjectMapping: 0.210747 ms MarkObjects: 2.354736 ms  DeleteObjects: 0.080858 ms)

AssetImportParameters requested are different than current active one (requested -> active):
  custom:video-decoder-ogg-theora: a1e56fd34408186e4bbccfd4996cb3dc -> 
  custom:container-muxer-webm: aa71ff27fc2769a1b78a27578f13a17b -> 
  custom:container-demuxer-webm: 4f35f7cbe854078d1ac9338744f61a02 -> 
  custom:video-encoder-webm-vp8: eb34c28f22e8b96e1ab97ce403110664 -> 
  custom:framework-osx-AVFoundation: e770b220cccbd017edd2c1fefb359320 -> 
  custom:audio-encoder-webm-vorbis: bf7c407c2cedff20999df2af8eb42d56 -> 
  custom:container-demuxer-ogg: 62fdf1f143b41e24485cea50d1cbac27 -> 
  custom:video-decoder-webm-vp8: 9c59270c3fd7afecdb556c50c9e8de78 -> 
  custom:audio-decoder-ogg-vorbis: bf7c407c2cedff20999df2af8eb42d56 -> 
========================================================================
Received Import Request.
  Time since last request: 1712.801422 seconds.
  path: Assets/Course Library/Scipts/GameManager.cs
  artifactKey: Guid(aceb71e1853ca4e139b780688f92019a) Importer(815301076,1909f56bfc062723c751e8b465ee728b)
Start importing Assets/Course Library/Scipts/GameManager.cs using Guid(aceb71e1853ca4e139b780688f92019a) Importer(815301076,1909f56bfc062723c751e8b465ee728b)  -> (artifact id: '5961bfbcc2799847d93265acc6baf6c5') in 0.005485 seconds 
========================================================================
Received Prepare
Registering precompiled user dll's ...
Registered in 0.002431 seconds.
Begin MonoManager ReloadAssembly
Symbol file LoadedFromMemory doesn't match image /Users/game3/Desktop/Kimi/Library/PackageCache/com.unity.visualscripting@1.7.8/Editor/VisualScripting.Core/Dependencies/YamlDotNet/Unity.VisualScripting.YamlDotNet.dll
Symbol file LoadedFromMemory doesn't match image /Users/game3/Desktop/Kimi/Library/PackageCache/com.unity.visualscripting@1.7.8/Editor/VisualScripting.Core/Dependencies/DotNetZip/Unity.VisualScripting.IonicZip.dll
Native extension for OSXStandalone target not found
Refreshing native plugins compatible for Editor in 0.49 ms, found 2 plugins.
Preloading 0 native plugins for Editor in 0.00 ms.
Mono: successfully reloaded assembly
- Completed reload, in  0.920 seconds
Domain Reload Profiling:
	ReloadAssembly (921ms)
		BeginReloadAssembly (125ms)
			ExecutionOrderSort (0ms)
			DisableScriptedObjects (6ms)
			BackupInstance (0ms)
			ReleaseScriptingObjects (0ms)
			CreateAndSetChildDomain (49ms)
		EndReloadAssembly (701ms)
			LoadAssemblies (60ms)
			RebuildTransferFunctionScriptingTraits (0ms)
			SetupTypeCache (273ms)
			ReleaseScriptCaches (1ms)
			RebuildScriptCaches (40ms)
			SetupLoadedEditorAssemblies (285ms)
				LogAssemblyErrors (0ms)
				InitializePlatformSupportModulesInManaged (9ms)
				SetLoadedEditorAssemblies (0ms)
				RefreshPlugins (1ms)
				BeforeProcessingInitializeOnLoad (47ms)
				ProcessInitializeOnLoadAttributes (198ms)
				ProcessInitializeOnLoadMethodAttributes (28ms)
				AfterProcessingInitializeOnLoad (1ms)
				EditorAssembliesLoaded (0ms)
			ExecutionOrderSort2 (0ms)
			AwakeInstancesAfterBackupRestoration (4ms)
Platform modules already initialized, skipping
Refreshing native plugins compatible for Editor in 1.02 ms, found 2 plugins.
Preloading 0 native plugins for Editor in 0.00 ms.
Unloading 3347 Unused Serialized files (Serialized files now loaded: 0)
Unloading 20 unused Assets / (73.0 KB). Loaded Objects now: 3827.
Memory consumption went from 251.1 MB to 251.0 MB.
Total: 2.678114 ms (FindLiveObjects: 0.250626 ms CreateObjectMapping: 0.185432 ms MarkObjects: 2.174424 ms  DeleteObjects: 0.066963 ms)

AssetImportParameters requested are different than current active one (requested -> active):
  custom:video-decoder-ogg-theora: a1e56fd34408186e4bbccfd4996cb3dc -> 
  custom:container-muxer-webm: aa71ff27fc2769a1b78a27578f13a17b -> 
  custom:container-demuxer-webm: 4f35f7cbe854078d1ac9338744f61a02 -> 
  custom:video-encoder-webm-vp8: eb34c28f22e8b96e1ab97ce403110664 -> 
  custom:framework-osx-AVFoundation: e770b220cccbd017edd2c1fefb359320 -> 
  custom:audio-encoder-webm-vorbis: bf7c407c2cedff20999df2af8eb42d56 -> 
  custom:container-demuxer-ogg: 62fdf1f143b41e24485cea50d1cbac27 -> 
  custom:video-decoder-webm-vp8: 9c59270c3fd7afecdb556c50c9e8de78 -> 
  custom:audio-decoder-ogg-vorbis: bf7c407c2cedff20999df2af8eb42d56 -> 
========================================================================
Received Prepare
Registering precompiled user dll's ...
Registered in 0.002549 seconds.
Begin MonoManager ReloadAssembly
Symbol file LoadedFromMemory doesn't match image /Users/game3/Desktop/Kimi/Library/PackageCache/com.unity.visualscripting@1.7.8/Editor/VisualScripting.Core/Dependencies/YamlDotNet/Unity.VisualScripting.YamlDotNet.dll
Symbol file LoadedFromMemory doesn't match image /Users/game3/Desktop/Kimi/Library/PackageCache/com.unity.visualscripting@1.7.8/Editor/VisualScripting.Core/Dependencies/DotNetZip/Unity.VisualScripting.IonicZip.dll
Native extension for OSXStandalone target not found
Refreshing native plugins compatible for Editor in 0.55 ms, found 2 plugins.
Preloading 0 native plugins for Editor in 0.00 ms.
Mono: successfully reloaded assembly
- Completed reload, in  0.939 seconds
Domain Reload Profiling:
	ReloadAssembly (940ms)
		BeginReloadAssembly (125ms)
			ExecutionOrderSort (0ms)
			DisableScriptedObjects (5ms)
			BackupInstance (0ms)
			ReleaseScriptingObjects (0ms)
			CreateAndSetChildDomain (50ms)
		EndReloadAssembly (721ms)
			LoadAssemblies (61ms)
			RebuildTransferFunctionScriptingTraits (0ms)
			SetupTypeCache (275ms)
			ReleaseScriptCaches (1ms)
			RebuildScriptCaches (39ms)
			SetupLoadedEditorAssemblies (302ms)
				LogAssemblyErrors (0ms)
				InitializePlatformSupportModulesInManaged (24ms)
				SetLoadedEditorAssemblies (1ms)
				RefreshPlugins (1ms)
				BeforeProcessingInitializeOnLoad (49ms)
				ProcessInitializeOnLoadAttributes (198ms)
				ProcessInitializeOnLoadMethodAttributes (28ms)
				AfterProcessingInitializeOnLoad (1ms)
				EditorAssembliesLoaded (0ms)
			ExecutionOrderSort2 (0ms)
			AwakeInstancesAfterBackupRestoration (4ms)
Platform modules already initialized, skipping
Refreshing native plugins compatible for Editor in 1.08 ms, found 2 plugins.
Preloading 0 native plugins for Editor in 0.00 ms.
Unloading 3347 Unused Serialized files (Serialized files now loaded: 0)
Unloading 20 unused Assets / (73.8 KB). Loaded Objects now: 3830.
Memory consumption went from 251.3 MB to 251.2 MB.
Total: 2.653809 ms (FindLiveObjects: 0.233184 ms CreateObjectMapping: 0.187216 ms MarkObjects: 2.161052 ms  DeleteObjects: 0.071873 ms)

AssetImportParameters requested are different than current active one (requested -> active):
  custom:video-decoder-ogg-theora: a1e56fd34408186e4bbccfd4996cb3dc -> 
  custom:container-muxer-webm: aa71ff27fc2769a1b78a27578f13a17b -> 
  custom:container-demuxer-webm: 4f35f7cbe854078d1ac9338744f61a02 -> 
  custom:video-encoder-webm-vp8: eb34c28f22e8b96e1ab97ce403110664 -> 
  custom:framework-osx-AVFoundation: e770b220cccbd017edd2c1fefb359320 -> 
  custom:audio-encoder-webm-vorbis: bf7c407c2cedff20999df2af8eb42d56 -> 
  custom:container-demuxer-ogg: 62fdf1f143b41e24485cea50d1cbac27 -> 
  custom:video-decoder-webm-vp8: 9c59270c3fd7afecdb556c50c9e8de78 -> 
  custom:audio-decoder-ogg-vorbis: bf7c407c2cedff20999df2af8eb42d56 -> 
========================================================================
Received Import Request.
  Time since last request: 160.270097 seconds.
  path: Assets/Course Library/Props/Other/Barrel_01.prefab
  artifactKey: Guid(95927758d3a4cef4ba6c4318f06876fd) Importer(815301076,1909f56bfc062723c751e8b465ee728b)
Start importing Assets/Course Library/Props/Other/Barrel_01.prefab using Guid(95927758d3a4cef4ba6c4318f06876fd) Importer(815301076,1909f56bfc062723c751e8b465ee728b)  -> (artifact id: '8ecd339cb51ff02220511d0987c5b521') in 0.150122 seconds 
========================================================================
Received Import Request.
  Time since last request: 0.000045 seconds.
  path: Assets/Course Library/Props/Other/Crate_Question_01.prefab
  artifactKey: Guid(d19c36dc5f97d444fa54380cf09bd828) Importer(815301076,1909f56bfc062723c751e8b465ee728b)
Start importing Assets/Course Library/Props/Other/Crate_Question_01.prefab using Guid(d19c36dc5f97d444fa54380cf09bd828) Importer(815301076,1909f56bfc062723c751e8b465ee728b)  -> (artifact id: '49a1faf2409d60cf0c0865209a6d1950') in 0.013117 seconds 
========================================================================
Received Import Request.
  Time since last request: 0.000045 seconds.
  path: Assets/Course Library/Props/Other/Crate_01.prefab
  artifactKey: Guid(71782582b9d2cac4cba5251a3b767d13) Importer(815301076,1909f56bfc062723c751e8b465ee728b)
Start importing Assets/Course Library/Props/Other/Crate_01.prefab using Guid(71782582b9d2cac4cba5251a3b767d13) Importer(815301076,1909f56bfc062723c751e8b465ee728b)  -> (artifact id: '2120d8e51c2a760d7f2c22cf457a4115') in 0.011763 seconds 
========================================================================
Received Import Request.
  Time since last request: 0.000056 seconds.
  path: Assets/Course Library/Props/Other/Synty_Cube_01.prefab
  artifactKey: Guid(feddb6666a6474b4a80e6e7fc805f21f) Importer(815301076,1909f56bfc062723c751e8b465ee728b)
Start importing Assets/Course Library/Props/Other/Synty_Cube_01.prefab using Guid(feddb6666a6474b4a80e6e7fc805f21f) Importer(815301076,1909f56bfc062723c751e8b465ee728b)  -> (artifact id: 'fb34ae6b29c11a651154be5cd8cf351d') in 0.016390 seconds 
========================================================================
Received Import Request.
  Time since last request: 1.895282 seconds.
  path: Assets/Course Library/Prifib/Good 1.prefab
  artifactKey: Guid(7ca4a24e94682488ebef7fba0fd41e09) Importer(815301076,1909f56bfc062723c751e8b465ee728b)
Start importing Assets/Course Library/Prifib/Good 1.prefab using Guid(7ca4a24e94682488ebef7fba0fd41e09) Importer(815301076,1909f56bfc062723c751e8b465ee728b)  -> (artifact id: 'c41da3afe978011b8eccd88c6ad55e16') in 0.007070 seconds 
========================================================================
Received Import Request.
  Time since last request: 0.000042 seconds.
  path: Assets/Course Library/Prifib/Good 3.prefab
  artifactKey: Guid(fb9df461818f342e88bd5d72000d9d42) Importer(815301076,1909f56bfc062723c751e8b465ee728b)
Start importing Assets/Course Library/Prifib/Good 3.prefab using Guid(fb9df461818f342e88bd5d72000d9d42) Importer(815301076,1909f56bfc062723c751e8b465ee728b)  -> (artifact id: '8798ae82ccc524e2ab01194d3a79d435') in 0.008126 seconds 
